{"/Users/lucasfarias/Devs/frontend-exercise/src/client/actions/creators.ts": {"path":"/Users/lucasfarias/Devs/frontend-exercise/src/client/actions/creators.ts","statementMap":{"0":{"start":{"line":4,"column":26},"end":{"line":9,"column":1}},"1":{"start":{"line":5,"column":2},"end":{"line":8,"column":5}},"2":{"start":{"line":11,"column":26},"end":{"line":16,"column":1}},"3":{"start":{"line":12,"column":2},"end":{"line":15,"column":5}},"4":{"start":{"line":18,"column":32},"end":{"line":22,"column":1}},"5":{"start":{"line":19,"column":2},"end":{"line":21,"column":5}},"6":{"start":{"line":24,"column":34},"end":{"line":28,"column":1}},"7":{"start":{"line":25,"column":2},"end":{"line":27,"column":5}},"8":{"start":{"line":30,"column":30},"end":{"line":35,"column":1}},"9":{"start":{"line":31,"column":2},"end":{"line":34,"column":5}}},"fnMap":{"0":{"name":"(anonymous_0)","decl":{"start":{"line":4,"column":26},"end":{"line":4,"column":27}},"loc":{"start":{"line":4,"column":69},"end":{"line":9,"column":1}},"line":4},"1":{"name":"(anonymous_1)","decl":{"start":{"line":11,"column":26},"end":{"line":11,"column":27}},"loc":{"start":{"line":11,"column":69},"end":{"line":16,"column":1}},"line":11},"2":{"name":"(anonymous_2)","decl":{"start":{"line":18,"column":32},"end":{"line":18,"column":33}},"loc":{"start":{"line":18,"column":62},"end":{"line":22,"column":1}},"line":18},"3":{"name":"(anonymous_3)","decl":{"start":{"line":24,"column":34},"end":{"line":24,"column":35}},"loc":{"start":{"line":24,"column":64},"end":{"line":28,"column":1}},"line":24},"4":{"name":"(anonymous_4)","decl":{"start":{"line":30,"column":30},"end":{"line":30,"column":31}},"loc":{"start":{"line":30,"column":77},"end":{"line":35,"column":1}},"line":30}},"branchMap":{},"s":{"0":1,"1":0,"2":1,"3":0,"4":1,"5":1,"6":1,"7":0,"8":1,"9":0},"f":{"0":0,"1":0,"2":1,"3":0,"4":0},"b":{},"_coverageSchema":"1a1c01bbd47fc00a2c39e90264f33305004495a9","hash":"cccb526c9c7b2bb37a806c3d6f9018b30f24cba0"}
,"/Users/lucasfarias/Devs/frontend-exercise/src/client/actions/types.ts": {"path":"/Users/lucasfarias/Devs/frontend-exercise/src/client/actions/types.ts","statementMap":{"0":{"start":{"line":1,"column":36},"end":{"line":1,"column":58}},"1":{"start":{"line":2,"column":34},"end":{"line":2,"column":54}},"2":{"start":{"line":3,"column":27},"end":{"line":3,"column":40}},"3":{"start":{"line":4,"column":27},"end":{"line":4,"column":40}},"4":{"start":{"line":5,"column":32},"end":{"line":5,"column":50}}},"fnMap":{},"branchMap":{},"s":{"0":2,"1":2,"2":2,"3":2,"4":2},"f":{},"b":{},"_coverageSchema":"1a1c01bbd47fc00a2c39e90264f33305004495a9","hash":"ed669c7852fe367cb8fce6531d435630009f52e3"}
,"/Users/lucasfarias/Devs/frontend-exercise/src/client/reducers/app.tsx": {"path":"/Users/lucasfarias/Devs/frontend-exercise/src/client/reducers/app.tsx","statementMap":{"0":{"start":{"line":4,"column":27},"end":{"line":4,"column":47}},"1":{"start":{"line":7,"column":14},"end":{"line":7,"column":18}},"2":{"start":{"line":9,"column":2},"end":{"line":55,"column":3}},"3":{"start":{"line":11,"column":28},"end":{"line":11,"column":30}},"4":{"start":{"line":12,"column":6},"end":{"line":12,"column":46}},"5":{"start":{"line":13,"column":6},"end":{"line":13,"column":74}},"6":{"start":{"line":14,"column":6},"end":{"line":14,"column":96}},"7":{"start":{"line":15,"column":6},"end":{"line":18,"column":8}},"8":{"start":{"line":21,"column":28},"end":{"line":21,"column":117}},"9":{"start":{"line":21,"column":80},"end":{"line":21,"column":116}},"10":{"start":{"line":22,"column":6},"end":{"line":22,"column":74}},"11":{"start":{"line":23,"column":35},"end":{"line":23,"column":110}},"12":{"start":{"line":23,"column":73},"end":{"line":23,"column":109}},"13":{"start":{"line":24,"column":6},"end":{"line":24,"column":88}},"14":{"start":{"line":25,"column":6},"end":{"line":28,"column":8}},"15":{"start":{"line":31,"column":6},"end":{"line":31,"column":74}},"16":{"start":{"line":32,"column":6},"end":{"line":34,"column":7}},"17":{"start":{"line":33,"column":8},"end":{"line":33,"column":72}},"18":{"start":{"line":35,"column":6},"end":{"line":38,"column":8}},"19":{"start":{"line":41,"column":6},"end":{"line":41,"column":70}},"20":{"start":{"line":42,"column":6},"end":{"line":45,"column":8}},"21":{"start":{"line":48,"column":6},"end":{"line":51,"column":8}},"22":{"start":{"line":54,"column":6},"end":{"line":54,"column":19}}},"fnMap":{"0":{"name":"(anonymous_0)","decl":{"start":{"line":6,"column":15},"end":{"line":6,"column":16}},"loc":{"start":{"line":6,"column":51},"end":{"line":56,"column":1}},"line":6},"1":{"name":"(anonymous_1)","decl":{"start":{"line":21,"column":55},"end":{"line":21,"column":56}},"loc":{"start":{"line":21,"column":80},"end":{"line":21,"column":116}},"line":21},"2":{"name":"(anonymous_2)","decl":{"start":{"line":23,"column":48},"end":{"line":23,"column":49}},"loc":{"start":{"line":23,"column":73},"end":{"line":23,"column":109}},"line":23}},"branchMap":{"0":{"loc":{"start":{"line":9,"column":2},"end":{"line":55,"column":3}},"type":"switch","locations":[{"start":{"line":10,"column":4},"end":{"line":18,"column":8}},{"start":{"line":20,"column":4},"end":{"line":28,"column":8}},{"start":{"line":30,"column":4},"end":{"line":38,"column":8}},{"start":{"line":40,"column":4},"end":{"line":45,"column":8}},{"start":{"line":47,"column":4},"end":{"line":51,"column":8}},{"start":{"line":53,"column":4},"end":{"line":54,"column":19}}],"line":9},"1":{"loc":{"start":{"line":32,"column":6},"end":{"line":34,"column":7}},"type":"if","locations":[{"start":{"line":32,"column":6},"end":{"line":34,"column":7}},{"start":{"line":32,"column":6},"end":{"line":34,"column":7}}],"line":32},"2":{"loc":{"start":{"line":37,"column":23},"end":{"line":37,"column":34}},"type":"binary-expr","locations":[{"start":{"line":37,"column":23},"end":{"line":37,"column":28}},{"start":{"line":37,"column":32},"end":{"line":37,"column":34}}],"line":37}},"s":{"0":1,"1":5,"2":5,"3":1,"4":1,"5":1,"6":1,"7":1,"8":1,"9":1,"10":1,"11":1,"12":1,"13":1,"14":1,"15":1,"16":1,"17":1,"18":1,"19":1,"20":1,"21":1,"22":0},"f":{"0":5,"1":1,"2":1},"b":{"0":[1,1,1,1,1,0],"1":[1,0],"2":[1,1]},"_coverageSchema":"1a1c01bbd47fc00a2c39e90264f33305004495a9","hash":"0123786027859cc82715e647f4f2788cad67230e"}
,"/Users/lucasfarias/Devs/frontend-exercise/src/client/services/local-storage.ts": {"path":"/Users/lucasfarias/Devs/frontend-exercise/src/client/services/local-storage.ts","statementMap":{"0":{"start":{"line":1,"column":28},"end":{"line":5,"column":1}},"1":{"start":{"line":2,"column":2},"end":{"line":4,"column":3}},"2":{"start":{"line":3,"column":4},"end":{"line":3,"column":50}},"3":{"start":{"line":7,"column":28},"end":{"line":11,"column":1}},"4":{"start":{"line":8,"column":2},"end":{"line":10,"column":3}},"5":{"start":{"line":9,"column":4},"end":{"line":9,"column":54}}},"fnMap":{"0":{"name":"(anonymous_0)","decl":{"start":{"line":1,"column":28},"end":{"line":1,"column":29}},"loc":{"start":{"line":1,"column":51},"end":{"line":5,"column":1}},"line":1},"1":{"name":"(anonymous_1)","decl":{"start":{"line":7,"column":28},"end":{"line":7,"column":29}},"loc":{"start":{"line":7,"column":58},"end":{"line":11,"column":1}},"line":7}},"branchMap":{"0":{"loc":{"start":{"line":2,"column":2},"end":{"line":4,"column":3}},"type":"if","locations":[{"start":{"line":2,"column":2},"end":{"line":4,"column":3}},{"start":{"line":2,"column":2},"end":{"line":4,"column":3}}],"line":2},"1":{"loc":{"start":{"line":2,"column":6},"end":{"line":2,"column":49}},"type":"binary-expr","locations":[{"start":{"line":2,"column":6},"end":{"line":2,"column":33}},{"start":{"line":2,"column":37},"end":{"line":2,"column":49}}],"line":2},"2":{"loc":{"start":{"line":8,"column":2},"end":{"line":10,"column":3}},"type":"if","locations":[{"start":{"line":8,"column":2},"end":{"line":10,"column":3}},{"start":{"line":8,"column":2},"end":{"line":10,"column":3}}],"line":8},"3":{"loc":{"start":{"line":8,"column":6},"end":{"line":8,"column":49}},"type":"binary-expr","locations":[{"start":{"line":8,"column":6},"end":{"line":8,"column":33}},{"start":{"line":8,"column":37},"end":{"line":8,"column":49}}],"line":8}},"s":{"0":1,"1":3,"2":3,"3":1,"4":4,"5":4},"f":{"0":3,"1":4},"b":{"0":[3,0],"1":[3,3],"2":[4,0],"3":[4,4]},"_coverageSchema":"1a1c01bbd47fc00a2c39e90264f33305004495a9","hash":"9c301751ff387ca8ba17752d16ea701169704408"}
,"/Users/lucasfarias/Devs/frontend-exercise/src/shared/controls/button/button.tsx": {"path":"/Users/lucasfarias/Devs/frontend-exercise/src/shared/controls/button/button.tsx","statementMap":{"0":{"start":{"line":4,"column":18},"end":{"line":4,"column":30}},"1":{"start":{"line":6,"column":15},"end":{"line":10,"column":1}},"2":{"start":{"line":7,"column":2},"end":{"line":9,"column":11}}},"fnMap":{"0":{"name":"(anonymous_0)","decl":{"start":{"line":6,"column":15},"end":{"line":6,"column":16}},"loc":{"start":{"line":7,"column":2},"end":{"line":9,"column":11}},"line":7}},"branchMap":{},"s":{"0":2,"1":2,"2":11},"f":{"0":11},"b":{},"_coverageSchema":"1a1c01bbd47fc00a2c39e90264f33305004495a9","hash":"2b0c2c78ba6c0156bf972a1a66e1e94df76af0da"}
,"/Users/lucasfarias/Devs/frontend-exercise/src/shared/controls/card/card.tsx": {"path":"/Users/lucasfarias/Devs/frontend-exercise/src/shared/controls/card/card.tsx","statementMap":{"0":{"start":{"line":4,"column":18},"end":{"line":4,"column":28}},"1":{"start":{"line":6,"column":13},"end":{"line":8,"column":1}},"2":{"start":{"line":7,"column":2},"end":{"line":7,"column":68}}},"fnMap":{"0":{"name":"(anonymous_0)","decl":{"start":{"line":6,"column":13},"end":{"line":6,"column":14}},"loc":{"start":{"line":7,"column":2},"end":{"line":7,"column":68}},"line":7}},"branchMap":{},"s":{"0":2,"1":2,"2":6},"f":{"0":6},"b":{},"_coverageSchema":"1a1c01bbd47fc00a2c39e90264f33305004495a9","hash":"a6f8499d2234c5b313bc9b12899dc7a64d9e9cbb"}
,"/Users/lucasfarias/Devs/frontend-exercise/src/shared/controls/input/input.tsx": {"path":"/Users/lucasfarias/Devs/frontend-exercise/src/shared/controls/input/input.tsx","statementMap":{"0":{"start":{"line":3,"column":18},"end":{"line":3,"column":29}},"1":{"start":{"line":5,"column":14},"end":{"line":12,"column":1}},"2":{"start":{"line":6,"column":2},"end":{"line":11,"column":4}}},"fnMap":{"0":{"name":"(anonymous_0)","decl":{"start":{"line":5,"column":14},"end":{"line":5,"column":15}},"loc":{"start":{"line":5,"column":66},"end":{"line":12,"column":1}},"line":5}},"branchMap":{},"s":{"0":2,"1":2,"2":6},"f":{"0":6},"b":{},"_coverageSchema":"1a1c01bbd47fc00a2c39e90264f33305004495a9","hash":"7f5a2017abe730aec474d8d2a330f122674558ad"}
,"/Users/lucasfarias/Devs/frontend-exercise/src/shared/icons/search.tsx": {"path":"/Users/lucasfarias/Devs/frontend-exercise/src/shared/icons/search.tsx","statementMap":{"0":{"start":{"line":3,"column":19},"end":{"line":10,"column":1}},"1":{"start":{"line":4,"column":2},"end":{"line":9,"column":8}}},"fnMap":{"0":{"name":"(anonymous_0)","decl":{"start":{"line":3,"column":19},"end":{"line":3,"column":20}},"loc":{"start":{"line":4,"column":2},"end":{"line":9,"column":8}},"line":4}},"branchMap":{},"s":{"0":1,"1":5},"f":{"0":5},"b":{},"_coverageSchema":"1a1c01bbd47fc00a2c39e90264f33305004495a9","hash":"b04a447e866d014e7f74e79bf0d4dde6cd996a82"}
,"/Users/lucasfarias/Devs/frontend-exercise/src/shared/icons/trash.tsx": {"path":"/Users/lucasfarias/Devs/frontend-exercise/src/shared/icons/trash.tsx","statementMap":{"0":{"start":{"line":3,"column":21},"end":{"line":7,"column":1}},"1":{"start":{"line":4,"column":2},"end":{"line":6,"column":8}}},"fnMap":{"0":{"name":"(anonymous_0)","decl":{"start":{"line":3,"column":21},"end":{"line":3,"column":22}},"loc":{"start":{"line":4,"column":2},"end":{"line":6,"column":8}},"line":4}},"branchMap":{},"s":{"0":1,"1":5},"f":{"0":5},"b":{},"_coverageSchema":"1a1c01bbd47fc00a2c39e90264f33305004495a9","hash":"866aa707157dcc90f1aad229a2f6e2e55dcb9af6"}
,"/Users/lucasfarias/Devs/frontend-exercise/src/shared/utils/render-html.ts": {"path":"/Users/lucasfarias/Devs/frontend-exercise/src/shared/utils/render-html.ts","statementMap":{"0":{"start":{"line":3,"column":19},"end":{"line":6,"column":4}},"1":{"start":{"line":4,"column":2},"end":{"line":6,"column":4}}},"fnMap":{"0":{"name":"(anonymous_0)","decl":{"start":{"line":3,"column":19},"end":{"line":3,"column":20}},"loc":{"start":{"line":4,"column":2},"end":{"line":6,"column":4}},"line":4}},"branchMap":{},"s":{"0":1,"1":10},"f":{"0":10},"b":{},"_coverageSchema":"1a1c01bbd47fc00a2c39e90264f33305004495a9","hash":"6bc70242a6ccaee1f967831d89d421cc93fd7447"}
,"/Users/lucasfarias/Devs/frontend-exercise/src/shared/widgets/multi-select-filter/multi-select-filter.tsx": {"path":"/Users/lucasfarias/Devs/frontend-exercise/src/shared/widgets/multi-select-filter/multi-select-filter.tsx","statementMap":{"0":{"start":{"line":10,"column":18},"end":{"line":10,"column":44}},"1":{"start":{"line":12,"column":19},"end":{"line":12,"column":26}},"2":{"start":{"line":13,"column":32},"end":{"line":13,"column":43}},"3":{"start":{"line":14,"column":22},"end":{"line":14,"column":38}},"4":{"start":{"line":15,"column":19},"end":{"line":15,"column":40}},"5":{"start":{"line":17,"column":26},"end":{"line":128,"column":1}},"6":{"start":{"line":27,"column":38},"end":{"line":27,"column":56}},"7":{"start":{"line":29,"column":2},"end":{"line":31,"column":9}},"8":{"start":{"line":30,"column":4},"end":{"line":30,"column":23}},"9":{"start":{"line":33,"column":25},"end":{"line":36,"column":3}},"10":{"start":{"line":34,"column":4},"end":{"line":34,"column":23}},"11":{"start":{"line":35,"column":4},"end":{"line":35,"column":34}},"12":{"start":{"line":38,"column":25},"end":{"line":42,"column":3}},"13":{"start":{"line":39,"column":4},"end":{"line":39,"column":23}},"14":{"start":{"line":40,"column":4},"end":{"line":40,"column":66}},"15":{"start":{"line":40,"column":59},"end":{"line":40,"column":66}},"16":{"start":{"line":41,"column":4},"end":{"line":41,"column":31}},"17":{"start":{"line":44,"column":29},"end":{"line":47,"column":3}},"18":{"start":{"line":45,"column":4},"end":{"line":45,"column":23}},"19":{"start":{"line":46,"column":4},"end":{"line":46,"column":25}},"20":{"start":{"line":49,"column":29},"end":{"line":52,"column":3}},"21":{"start":{"line":49,"column":46},"end":{"line":52,"column":3}},"22":{"start":{"line":50,"column":4},"end":{"line":50,"column":23}},"23":{"start":{"line":51,"column":4},"end":{"line":51,"column":21}},"24":{"start":{"line":54,"column":29},"end":{"line":57,"column":3}},"25":{"start":{"line":54,"column":46},"end":{"line":57,"column":3}},"26":{"start":{"line":55,"column":4},"end":{"line":55,"column":23}},"27":{"start":{"line":56,"column":4},"end":{"line":56,"column":21}},"28":{"start":{"line":59,"column":2},"end":{"line":127,"column":4}},"29":{"start":{"line":75,"column":14},"end":{"line":97,"column":16}},"30":{"start":{"line":100,"column":31},"end":{"line":100,"column":97}},"31":{"start":{"line":101,"column":30},"end":{"line":101,"column":59}},"32":{"start":{"line":103,"column":16},"end":{"line":113,"column":18}}},"fnMap":{"0":{"name":"(anonymous_0)","decl":{"start":{"line":17,"column":26},"end":{"line":17,"column":27}},"loc":{"start":{"line":26,"column":26},"end":{"line":128,"column":1}},"line":26},"1":{"name":"(anonymous_1)","decl":{"start":{"line":29,"column":18},"end":{"line":29,"column":19}},"loc":{"start":{"line":29,"column":24},"end":{"line":31,"column":3}},"line":29},"2":{"name":"(anonymous_2)","decl":{"start":{"line":33,"column":25},"end":{"line":33,"column":26}},"loc":{"start":{"line":33,"column":69},"end":{"line":36,"column":3}},"line":33},"3":{"name":"(anonymous_3)","decl":{"start":{"line":38,"column":25},"end":{"line":38,"column":26}},"loc":{"start":{"line":38,"column":66},"end":{"line":42,"column":3}},"line":38},"4":{"name":"(anonymous_4)","decl":{"start":{"line":44,"column":29},"end":{"line":44,"column":30}},"loc":{"start":{"line":44,"column":67},"end":{"line":47,"column":3}},"line":44},"5":{"name":"(anonymous_5)","decl":{"start":{"line":49,"column":29},"end":{"line":49,"column":30}},"loc":{"start":{"line":49,"column":46},"end":{"line":52,"column":3}},"line":49},"6":{"name":"(anonymous_6)","decl":{"start":{"line":49,"column":46},"end":{"line":49,"column":47}},"loc":{"start":{"line":49,"column":84},"end":{"line":52,"column":3}},"line":49},"7":{"name":"(anonymous_7)","decl":{"start":{"line":54,"column":29},"end":{"line":54,"column":30}},"loc":{"start":{"line":54,"column":46},"end":{"line":57,"column":3}},"line":54},"8":{"name":"(anonymous_8)","decl":{"start":{"line":54,"column":46},"end":{"line":54,"column":47}},"loc":{"start":{"line":54,"column":84},"end":{"line":57,"column":3}},"line":54},"9":{"name":"(anonymous_9)","decl":{"start":{"line":74,"column":31},"end":{"line":74,"column":32}},"loc":{"start":{"line":74,"column":48},"end":{"line":98,"column":13}},"line":74},"10":{"name":"(anonymous_10)","decl":{"start":{"line":100,"column":22},"end":{"line":100,"column":23}},"loc":{"start":{"line":100,"column":31},"end":{"line":100,"column":97}},"line":100},"11":{"name":"(anonymous_11)","decl":{"start":{"line":101,"column":22},"end":{"line":101,"column":23}},"loc":{"start":{"line":101,"column":30},"end":{"line":101,"column":59}},"line":101},"12":{"name":"(anonymous_12)","decl":{"start":{"line":102,"column":19},"end":{"line":102,"column":20}},"loc":{"start":{"line":102,"column":36},"end":{"line":114,"column":15}},"line":102}},"branchMap":{"0":{"loc":{"start":{"line":40,"column":4},"end":{"line":40,"column":66}},"type":"if","locations":[{"start":{"line":40,"column":4},"end":{"line":40,"column":66}},{"start":{"line":40,"column":4},"end":{"line":40,"column":66}}],"line":40},"1":{"loc":{"start":{"line":40,"column":8},"end":{"line":40,"column":57}},"type":"binary-expr","locations":[{"start":{"line":40,"column":9},"end":{"line":40,"column":16}},{"start":{"line":40,"column":20},"end":{"line":40,"column":31}},{"start":{"line":40,"column":36},"end":{"line":40,"column":57}}],"line":40},"2":{"loc":{"start":{"line":100,"column":31},"end":{"line":100,"column":97}},"type":"cond-expr","locations":[{"start":{"line":100,"column":41},"end":{"line":100,"column":45}},{"start":{"line":100,"column":48},"end":{"line":100,"column":97}}],"line":100}},"s":{"0":1,"1":1,"2":1,"3":1,"4":1,"5":1,"6":5,"7":5,"8":5,"9":5,"10":0,"11":0,"12":5,"13":1,"14":1,"15":0,"16":1,"17":5,"18":1,"19":1,"20":5,"21":5,"22":1,"23":1,"24":5,"25":5,"26":1,"27":1,"28":5,"29":5,"30":25,"31":5,"32":5},"f":{"0":5,"1":5,"2":0,"3":1,"4":1,"5":5,"6":1,"7":5,"8":1,"9":5,"10":25,"11":5,"12":5},"b":{"0":[0,1],"1":[1,0,1],"2":[0,25]},"_coverageSchema":"1a1c01bbd47fc00a2c39e90264f33305004495a9","hash":"973ad1956da3a259d0b4f0b0bf2fb7c0cbe3978a"}
}
