TN:
SF:src/client/actions/creators.ts
FN:4,(anonymous_0)
FN:11,(anonymous_1)
FN:18,(anonymous_2)
FN:24,(anonymous_3)
FN:30,(anonymous_4)
FNF:5
FNH:1
FNDA:0,(anonymous_0)
FNDA:0,(anonymous_1)
FNDA:1,(anonymous_2)
FNDA:0,(anonymous_3)
FNDA:0,(anonymous_4)
DA:4,1
DA:5,0
DA:11,1
DA:12,0
DA:18,1
DA:19,1
DA:24,1
DA:25,0
DA:30,1
DA:31,0
LF:10
LH:6
BRF:0
BRH:0
end_of_record
TN:
SF:src/client/actions/types.ts
FNF:0
FNH:0
DA:1,2
DA:2,2
DA:3,2
DA:4,2
DA:5,2
LF:5
LH:5
BRF:0
BRH:0
end_of_record
TN:
SF:src/client/reducers/app.tsx
FN:6,(anonymous_0)
FN:21,(anonymous_1)
FN:23,(anonymous_2)
FNF:3
FNH:3
FNDA:5,(anonymous_0)
FNDA:1,(anonymous_1)
FNDA:1,(anonymous_2)
DA:4,1
DA:7,5
DA:9,5
DA:11,1
DA:12,1
DA:13,1
DA:14,1
DA:15,1
DA:21,1
DA:22,1
DA:23,1
DA:24,1
DA:25,1
DA:31,1
DA:32,1
DA:33,1
DA:35,1
DA:41,1
DA:42,1
DA:48,1
DA:54,0
LF:21
LH:20
BRDA:9,0,0,1
BRDA:9,0,1,1
BRDA:9,0,2,1
BRDA:9,0,3,1
BRDA:9,0,4,1
BRDA:9,0,5,0
BRDA:32,1,0,1
BRDA:32,1,1,0
BRDA:37,2,0,1
BRDA:37,2,1,1
BRF:10
BRH:8
end_of_record
TN:
SF:src/client/services/local-storage.ts
FN:1,(anonymous_0)
FN:7,(anonymous_1)
FNF:2
FNH:2
FNDA:3,(anonymous_0)
FNDA:4,(anonymous_1)
DA:1,1
DA:2,3
DA:3,3
DA:7,1
DA:8,4
DA:9,4
LF:6
LH:6
BRDA:2,0,0,3
BRDA:2,0,1,0
BRDA:2,1,0,3
BRDA:2,1,1,3
BRDA:8,2,0,4
BRDA:8,2,1,0
BRDA:8,3,0,4
BRDA:8,3,1,4
BRF:8
BRH:6
end_of_record
TN:
SF:src/shared/controls/button/button.tsx
FN:6,(anonymous_0)
FNF:1
FNH:1
FNDA:11,(anonymous_0)
DA:4,2
DA:6,2
DA:7,11
LF:3
LH:3
BRF:0
BRH:0
end_of_record
TN:
SF:src/shared/controls/card/card.tsx
FN:6,(anonymous_0)
FNF:1
FNH:1
FNDA:6,(anonymous_0)
DA:4,2
DA:6,2
DA:7,6
LF:3
LH:3
BRF:0
BRH:0
end_of_record
TN:
SF:src/shared/controls/input/input.tsx
FN:5,(anonymous_0)
FNF:1
FNH:1
FNDA:6,(anonymous_0)
DA:3,2
DA:5,2
DA:6,6
LF:3
LH:3
BRF:0
BRH:0
end_of_record
TN:
SF:src/shared/icons/search.tsx
FN:3,(anonymous_0)
FNF:1
FNH:1
FNDA:5,(anonymous_0)
DA:3,1
DA:4,5
LF:2
LH:2
BRF:0
BRH:0
end_of_record
TN:
SF:src/shared/icons/trash.tsx
FN:3,(anonymous_0)
FNF:1
FNH:1
FNDA:5,(anonymous_0)
DA:3,1
DA:4,5
LF:2
LH:2
BRF:0
BRH:0
end_of_record
TN:
SF:src/shared/utils/render-html.ts
FN:3,(anonymous_0)
FNF:1
FNH:1
FNDA:10,(anonymous_0)
DA:3,1
DA:4,10
LF:2
LH:2
BRF:0
BRH:0
end_of_record
TN:
SF:src/shared/widgets/multi-select-filter/multi-select-filter.tsx
FN:17,(anonymous_0)
FN:29,(anonymous_1)
FN:33,(anonymous_2)
FN:38,(anonymous_3)
FN:44,(anonymous_4)
FN:49,(anonymous_5)
FN:49,(anonymous_6)
FN:54,(anonymous_7)
FN:54,(anonymous_8)
FN:74,(anonymous_9)
FN:100,(anonymous_10)
FN:101,(anonymous_11)
FN:102,(anonymous_12)
FNF:13
FNH:12
FNDA:5,(anonymous_0)
FNDA:5,(anonymous_1)
FNDA:0,(anonymous_2)
FNDA:1,(anonymous_3)
FNDA:1,(anonymous_4)
FNDA:5,(anonymous_5)
FNDA:1,(anonymous_6)
FNDA:5,(anonymous_7)
FNDA:1,(anonymous_8)
FNDA:5,(anonymous_9)
FNDA:25,(anonymous_10)
FNDA:5,(anonymous_11)
FNDA:5,(anonymous_12)
DA:10,1
DA:12,1
DA:13,1
DA:14,1
DA:15,1
DA:17,1
DA:27,5
DA:29,5
DA:30,5
DA:33,5
DA:34,0
DA:35,0
DA:38,5
DA:39,1
DA:40,1
DA:41,1
DA:44,5
DA:45,1
DA:46,1
DA:49,5
DA:50,1
DA:51,1
DA:54,5
DA:55,1
DA:56,1
DA:59,5
DA:75,5
DA:100,25
DA:101,5
DA:103,5
LF:30
LH:28
BRDA:40,0,0,0
BRDA:40,0,1,1
BRDA:40,1,0,1
BRDA:40,1,1,0
BRDA:40,1,2,1
BRDA:100,2,0,0
BRDA:100,2,1,25
BRF:7
BRH:4
end_of_record
